TN:
SF:src\order.ts
FN:3,Order
FN:7,add
FN:16,remove
FN:23,toPay
FN:28,getTotalPrice
FN:40,getTotalDeliveryPrice
FNF:6
FNH:6
FNDA:11,Order
FNDA:22,add
FNDA:4,remove
FNDA:2,toPay
FNDA:13,getTotalPrice
FNDA:11,getTotalDeliveryPrice
DA:1,1
DA:2,1
DA:3,11
DA:4,11
DA:5,11
DA:6,11
DA:7,11
DA:8,22
DA:9,22
DA:10,22
DA:11,21
DA:12,21
DA:13,22
DA:14,22
DA:15,11
DA:16,11
DA:17,4
DA:18,4
DA:19,4
DA:20,4
DA:21,4
DA:22,11
DA:23,11
DA:24,2
DA:25,2
DA:26,2
DA:27,11
DA:28,11
DA:29,13
DA:30,13
DA:31,13
DA:32,17
DA:33,17
DA:34,2
DA:35,2
DA:36,13
DA:37,13
DA:38,13
DA:39,11
DA:40,11
DA:41,11
DA:42,11
DA:43,11
DA:44,17
DA:45,17
DA:46,1
DA:47,1
DA:48,11
DA:49,11
DA:50,11
DA:51,11
LF:51
LH:51
BRDA:3,0,0,11
BRDA:7,1,0,22
BRDA:10,2,0,21
BRDA:16,3,0,4
BRDA:19,4,0,11
BRDA:23,5,0,2
BRDA:28,6,0,13
BRDA:31,7,0,17
BRDA:33,8,0,2
BRDA:40,9,0,11
BRDA:43,10,0,17
BRDA:45,11,0,1
BRF:12
BRH:12
end_of_record
